{"/home/zym/AI-Island/src/components/RobotPrinter/RobotPrinterRoot.tsx": {"path":"/home/zym/AI-Island/src/components/RobotPrinter/RobotPrinterRoot.tsx","statementMap":{"0":{"start":{"line":30,"column":8},"end":{"line":37,"column":null}},"1":{"start":{"line":39,"column":2},"end":{"line":44,"column":null}},"2":{"start":{"line":48,"column":0},"end":{"line":48,"column":null}}},"fnMap":{"0":{"name":"RobotPrinterRoot","decl":{"start":{"line":23,"column":16},"end":{"line":23,"column":33}},"loc":{"start":{"line":29,"column":26},"end":{"line":46,"column":null}},"line":29}},"branchMap":{"0":{"loc":{"start":{"line":26,"column":2},"end":{"line":26,"column":null}},"type":"default-arg","locations":[{"start":{"line":26,"column":14},"end":{"line":26,"column":null}}],"line":26}},"s":{"0":10,"1":10,"2":1},"f":{"0":10},"b":{"0":[10]},"meta":{"lastBranch":1,"lastFunction":1,"lastStatement":3,"seen":{"f:23:16:23:33":0,"b:26:14:26:Infinity":0,"s:30:8:37:Infinity":0,"s:39:2:44:Infinity":1,"s:48:0:48:Infinity":2}}}
,"/home/zym/AI-Island/src/components/RobotPrinter/constants.ts": {"path":"/home/zym/AI-Island/src/components/RobotPrinter/constants.ts","statementMap":{"0":{"start":{"line":3,"column":25},"end":{"line":16,"column":null}},"1":{"start":{"line":20,"column":22},"end":{"line":31,"column":null}},"2":{"start":{"line":35,"column":22},"end":{"line":40,"column":null}},"3":{"start":{"line":44,"column":24},"end":{"line":53,"column":null}}},"fnMap":{},"branchMap":{},"s":{"0":7,"1":7,"2":7,"3":7},"f":{},"b":{},"meta":{"lastBranch":0,"lastFunction":0,"lastStatement":4,"seen":{"s:3:25:16:Infinity":0,"s:20:22:31:Infinity":1,"s:35:22:40:Infinity":2,"s:44:24:53:Infinity":3}}}
,"/home/zym/AI-Island/src/components/RobotPrinter/defaults.ts": {"path":"/home/zym/AI-Island/src/components/RobotPrinter/defaults.ts","statementMap":{"0":{"start":{"line":11,"column":41},"end":{"line":14,"column":null}},"1":{"start":{"line":22,"column":36},"end":{"line":51,"column":null}},"2":{"start":{"line":56,"column":29},"end":{"line":62,"column":null}},"3":{"start":{"line":65,"column":35},"end":{"line":69,"column":null}},"4":{"start":{"line":72,"column":33},"end":{"line":77,"column":null}},"5":{"start":{"line":91,"column":2},"end":{"line":91,"column":null}}},"fnMap":{"0":{"name":"mergeWithDefaults","decl":{"start":{"line":87,"column":16},"end":{"line":87,"column":null}},"loc":{"start":{"line":90,"column":5},"end":{"line":92,"column":null}},"line":90}},"branchMap":{},"s":{"0":1,"1":1,"2":1,"3":1,"4":1,"5":4},"f":{"0":4},"b":{},"meta":{"lastBranch":0,"lastFunction":1,"lastStatement":6,"seen":{"s:11:41:14:Infinity":0,"s:22:36:51:Infinity":1,"s:56:29:62:Infinity":2,"s:65:35:69:Infinity":3,"s:72:33:77:Infinity":4,"f:87:16:87:Infinity":0,"s:91:2:91:Infinity":5}}}
,"/home/zym/AI-Island/src/components/RobotPrinter/context/RobotPrinterContext.tsx": {"path":"/home/zym/AI-Island/src/components/RobotPrinter/context/RobotPrinterContext.tsx","statementMap":{"0":{"start":{"line":41,"column":13},"end":{"line":41,"column":null}},"1":{"start":{"line":96,"column":35},"end":{"line":96,"column":null}},"2":{"start":{"line":97,"column":39},"end":{"line":97,"column":null}},"3":{"start":{"line":98,"column":35},"end":{"line":100,"column":null}},"4":{"start":{"line":101,"column":19},"end":{"line":101,"column":null}},"5":{"start":{"line":104,"column":8},"end":{"line":110,"column":null}},"6":{"start":{"line":106,"column":6},"end":{"line":106,"column":null}},"7":{"start":{"line":107,"column":6},"end":{"line":107,"column":null}},"8":{"start":{"line":112,"column":8},"end":{"line":118,"column":null}},"9":{"start":{"line":114,"column":6},"end":{"line":114,"column":null}},"10":{"start":{"line":115,"column":6},"end":{"line":115,"column":null}},"11":{"start":{"line":120,"column":8},"end":{"line":126,"column":null}},"12":{"start":{"line":122,"column":6},"end":{"line":122,"column":null}},"13":{"start":{"line":123,"column":6},"end":{"line":123,"column":null}},"14":{"start":{"line":128,"column":8},"end":{"line":132,"column":null}},"15":{"start":{"line":129,"column":4},"end":{"line":131,"column":null}},"16":{"start":{"line":130,"column":6},"end":{"line":130,"column":null}},"17":{"start":{"line":134,"column":8},"end":{"line":136,"column":null}},"18":{"start":{"line":135,"column":4},"end":{"line":135,"column":null}},"19":{"start":{"line":139,"column":8},"end":{"line":187,"column":null}},"20":{"start":{"line":140,"column":11},"end":{"line":164,"column":null}},"21":{"start":{"line":189,"column":2},"end":{"line":190,"column":null}}},"fnMap":{"0":{"name":"RobotPrinterProvider","decl":{"start":{"line":73,"column":16},"end":{"line":73,"column":37}},"loc":{"start":{"line":94,"column":30},"end":{"line":192,"column":null}},"line":94},"1":{"name":"(anonymous_1)","decl":{"start":{"line":105,"column":4},"end":{"line":105,"column":5}},"loc":{"start":{"line":105,"column":24},"end":{"line":108,"column":null}},"line":105},"2":{"name":"(anonymous_2)","decl":{"start":{"line":113,"column":4},"end":{"line":113,"column":5}},"loc":{"start":{"line":113,"column":23},"end":{"line":116,"column":null}},"line":113},"3":{"name":"(anonymous_3)","decl":{"start":{"line":121,"column":4},"end":{"line":121,"column":5}},"loc":{"start":{"line":121,"column":23},"end":{"line":124,"column":null}},"line":121},"4":{"name":"(anonymous_4)","decl":{"start":{"line":128,"column":29},"end":{"line":128,"column":35}},"loc":{"start":{"line":128,"column":35},"end":{"line":132,"column":5}},"line":128},"5":{"name":"(anonymous_5)","decl":{"start":{"line":134,"column":28},"end":{"line":134,"column":34}},"loc":{"start":{"line":134,"column":34},"end":{"line":136,"column":5}},"line":134},"6":{"name":"(anonymous_6)","decl":{"start":{"line":140,"column":4},"end":{"line":140,"column":11}},"loc":{"start":{"line":140,"column":11},"end":{"line":164,"column":null}},"line":140}},"branchMap":{"0":{"loc":{"start":{"line":75,"column":2},"end":{"line":75,"column":null}},"type":"default-arg","locations":[{"start":{"line":75,"column":20},"end":{"line":75,"column":null}}],"line":75},"1":{"loc":{"start":{"line":76,"column":2},"end":{"line":76,"column":null}},"type":"default-arg","locations":[{"start":{"line":76,"column":17},"end":{"line":76,"column":null}}],"line":76},"2":{"loc":{"start":{"line":78,"column":2},"end":{"line":78,"column":null}},"type":"default-arg","locations":[{"start":{"line":78,"column":15},"end":{"line":78,"column":null}}],"line":78},"3":{"loc":{"start":{"line":79,"column":2},"end":{"line":79,"column":null}},"type":"default-arg","locations":[{"start":{"line":79,"column":16},"end":{"line":79,"column":null}}],"line":79},"4":{"loc":{"start":{"line":80,"column":2},"end":{"line":80,"column":null}},"type":"default-arg","locations":[{"start":{"line":80,"column":14},"end":{"line":80,"column":null}}],"line":80},"5":{"loc":{"start":{"line":81,"column":2},"end":{"line":81,"column":null}},"type":"default-arg","locations":[{"start":{"line":81,"column":11},"end":{"line":81,"column":null}}],"line":81},"6":{"loc":{"start":{"line":82,"column":2},"end":{"line":82,"column":null}},"type":"default-arg","locations":[{"start":{"line":82,"column":12},"end":{"line":82,"column":null}}],"line":82},"7":{"loc":{"start":{"line":83,"column":2},"end":{"line":83,"column":null}},"type":"default-arg","locations":[{"start":{"line":83,"column":10},"end":{"line":83,"column":null}}],"line":83},"8":{"loc":{"start":{"line":84,"column":2},"end":{"line":84,"column":null}},"type":"default-arg","locations":[{"start":{"line":84,"column":12},"end":{"line":84,"column":null}}],"line":84},"9":{"loc":{"start":{"line":85,"column":2},"end":{"line":85,"column":null}},"type":"default-arg","locations":[{"start":{"line":85,"column":12},"end":{"line":85,"column":null}}],"line":85},"10":{"loc":{"start":{"line":87,"column":2},"end":{"line":87,"column":null}},"type":"default-arg","locations":[{"start":{"line":87,"column":19},"end":{"line":87,"column":null}}],"line":87},"11":{"loc":{"start":{"line":88,"column":2},"end":{"line":88,"column":null}},"type":"default-arg","locations":[{"start":{"line":88,"column":18},"end":{"line":88,"column":null}}],"line":88},"12":{"loc":{"start":{"line":99,"column":4},"end":{"line":99,"column":null}},"type":"binary-expr","locations":[{"start":{"line":99,"column":4},"end":{"line":99,"column":23}},{"start":{"line":99,"column":23},"end":{"line":99,"column":null}}],"line":99},"13":{"loc":{"start":{"line":129,"column":4},"end":{"line":131,"column":null}},"type":"if","locations":[{"start":{"line":129,"column":4},"end":{"line":131,"column":null}},{"start":{},"end":{}}],"line":129}},"s":{"0":2,"1":34,"2":34,"3":34,"4":34,"5":34,"6":2,"7":2,"8":34,"9":2,"10":2,"11":34,"12":1,"13":1,"14":34,"15":2,"16":1,"17":34,"18":1,"19":34,"20":34,"21":34},"f":{"0":34,"1":2,"2":2,"3":1,"4":2,"5":1,"6":34},"b":{"0":[34],"1":[34],"2":[34],"3":[34],"4":[34],"5":[34],"6":[34],"7":[34],"8":[34],"9":[34],"10":[34],"11":[34],"12":[34,33],"13":[1,1]},"meta":{"lastBranch":14,"lastFunction":7,"lastStatement":22,"seen":{"s:41:13:41:Infinity":0,"f:73:16:73:37":0,"b:75:20:75:Infinity":0,"b:76:17:76:Infinity":1,"b:78:15:78:Infinity":2,"b:79:16:79:Infinity":3,"b:80:14:80:Infinity":4,"b:81:11:81:Infinity":5,"b:82:12:82:Infinity":6,"b:83:10:83:Infinity":7,"b:84:12:84:Infinity":8,"b:85:12:85:Infinity":9,"b:87:19:87:Infinity":10,"b:88:18:88:Infinity":11,"s:96:35:96:Infinity":1,"s:97:39:97:Infinity":2,"s:98:35:100:Infinity":3,"b:99:4:99:23:99:23:99:Infinity":12,"s:101:19:101:Infinity":4,"s:104:8:110:Infinity":5,"f:105:4:105:5":1,"s:106:6:106:Infinity":6,"s:107:6:107:Infinity":7,"s:112:8:118:Infinity":8,"f:113:4:113:5":2,"s:114:6:114:Infinity":9,"s:115:6:115:Infinity":10,"s:120:8:126:Infinity":11,"f:121:4:121:5":3,"s:122:6:122:Infinity":12,"s:123:6:123:Infinity":13,"s:128:8:132:Infinity":14,"f:128:29:128:35":4,"b:129:4:131:Infinity:undefined:undefined:undefined:undefined":13,"s:129:4:131:Infinity":15,"s:130:6:130:Infinity":16,"s:134:8:136:Infinity":17,"f:134:28:134:34":5,"s:135:4:135:Infinity":18,"s:139:8:187:Infinity":19,"f:140:4:140:11":6,"s:140:11:164:Infinity":20,"s:189:2:190:Infinity":21}}}
,"/home/zym/AI-Island/src/components/RobotPrinter/context/useRobotPrinter.ts": {"path":"/home/zym/AI-Island/src/components/RobotPrinter/context/useRobotPrinter.ts","statementMap":{"0":{"start":{"line":10,"column":8},"end":{"line":10,"column":null}},"1":{"start":{"line":11,"column":2},"end":{"line":16,"column":null}},"2":{"start":{"line":12,"column":4},"end":{"line":15,"column":null}},"3":{"start":{"line":17,"column":2},"end":{"line":17,"column":null}},"4":{"start":{"line":25,"column":2},"end":{"line":25,"column":null}}},"fnMap":{"0":{"name":"useRobotPrinter","decl":{"start":{"line":9,"column":16},"end":{"line":9,"column":60}},"loc":{"start":{"line":9,"column":60},"end":{"line":18,"column":null}},"line":9},"1":{"name":"useRobotPrinterOptional","decl":{"start":{"line":24,"column":16},"end":{"line":24,"column":75}},"loc":{"start":{"line":24,"column":75},"end":{"line":26,"column":null}},"line":24}},"branchMap":{"0":{"loc":{"start":{"line":11,"column":2},"end":{"line":16,"column":null}},"type":"if","locations":[{"start":{"line":11,"column":2},"end":{"line":16,"column":null}},{"start":{},"end":{}}],"line":11}},"s":{"0":28,"1":28,"2":2,"3":26,"4":2},"f":{"0":28,"1":2},"b":{"0":[2,26]},"meta":{"lastBranch":1,"lastFunction":2,"lastStatement":5,"seen":{"f:9:16:9:60":0,"s:10:8:10:Infinity":0,"b:11:2:16:Infinity:undefined:undefined:undefined:undefined":0,"s:11:2:16:Infinity":1,"s:12:4:15:Infinity":2,"s:17:2:17:Infinity":3,"f:24:16:24:75":1,"s:25:2:25:Infinity":4}}}
,"/home/zym/AI-Island/src/components/RobotPrinter/hooks/useAnimationMachine.ts": {"path":"/home/zym/AI-Island/src/components/RobotPrinter/hooks/useAnimationMachine.ts","statementMap":{"0":{"start":{"line":26,"column":2},"end":{"line":66,"column":null}},"1":{"start":{"line":28,"column":6},"end":{"line":28,"column":null}},"2":{"start":{"line":28,"column":35},"end":{"line":28,"column":null}},"3":{"start":{"line":29,"column":6},"end":{"line":29,"column":null}},"4":{"start":{"line":29,"column":34},"end":{"line":29,"column":null}},"5":{"start":{"line":30,"column":6},"end":{"line":30,"column":null}},"6":{"start":{"line":33,"column":6},"end":{"line":33,"column":null}},"7":{"start":{"line":33,"column":44},"end":{"line":33,"column":null}},"8":{"start":{"line":34,"column":6},"end":{"line":34,"column":null}},"9":{"start":{"line":34,"column":34},"end":{"line":34,"column":null}},"10":{"start":{"line":35,"column":6},"end":{"line":35,"column":null}},"11":{"start":{"line":38,"column":6},"end":{"line":38,"column":null}},"12":{"start":{"line":38,"column":48},"end":{"line":38,"column":null}},"13":{"start":{"line":39,"column":6},"end":{"line":39,"column":null}},"14":{"start":{"line":39,"column":34},"end":{"line":39,"column":null}},"15":{"start":{"line":40,"column":6},"end":{"line":40,"column":null}},"16":{"start":{"line":43,"column":6},"end":{"line":43,"column":null}},"17":{"start":{"line":43,"column":47},"end":{"line":43,"column":null}},"18":{"start":{"line":44,"column":6},"end":{"line":44,"column":null}},"19":{"start":{"line":44,"column":34},"end":{"line":44,"column":null}},"20":{"start":{"line":45,"column":6},"end":{"line":45,"column":null}},"21":{"start":{"line":48,"column":6},"end":{"line":48,"column":null}},"22":{"start":{"line":48,"column":37},"end":{"line":48,"column":null}},"23":{"start":{"line":49,"column":6},"end":{"line":49,"column":null}},"24":{"start":{"line":49,"column":34},"end":{"line":49,"column":null}},"25":{"start":{"line":50,"column":6},"end":{"line":50,"column":null}},"26":{"start":{"line":53,"column":6},"end":{"line":53,"column":null}},"27":{"start":{"line":53,"column":46},"end":{"line":53,"column":null}},"28":{"start":{"line":54,"column":6},"end":{"line":54,"column":null}},"29":{"start":{"line":54,"column":34},"end":{"line":54,"column":null}},"30":{"start":{"line":55,"column":6},"end":{"line":55,"column":null}},"31":{"start":{"line":58,"column":6},"end":{"line":58,"column":null}},"32":{"start":{"line":58,"column":49},"end":{"line":58,"column":null}},"33":{"start":{"line":59,"column":6},"end":{"line":59,"column":null}},"34":{"start":{"line":59,"column":34},"end":{"line":59,"column":null}},"35":{"start":{"line":60,"column":6},"end":{"line":60,"column":null}},"36":{"start":{"line":63,"column":6},"end":{"line":63,"column":null}},"37":{"start":{"line":63,"column":49},"end":{"line":63,"column":null}},"38":{"start":{"line":64,"column":6},"end":{"line":64,"column":null}},"39":{"start":{"line":64,"column":34},"end":{"line":64,"column":null}},"40":{"start":{"line":65,"column":6},"end":{"line":65,"column":null}},"41":{"start":{"line":69,"column":2},"end":{"line":69,"column":null}},"42":{"start":{"line":79,"column":67},"end":{"line":104,"column":null}},"43":{"start":{"line":81,"column":26},"end":{"line":81,"column":null}},"44":{"start":{"line":85,"column":20},"end":{"line":85,"column":null}},"45":{"start":{"line":89,"column":28},"end":{"line":89,"column":null}},"46":{"start":{"line":93,"column":28},"end":{"line":93,"column":null}},"47":{"start":{"line":97,"column":20},"end":{"line":97,"column":null}},"48":{"start":{"line":101,"column":26},"end":{"line":101,"column":null}},"49":{"start":{"line":167,"column":24},"end":{"line":167,"column":null}},"50":{"start":{"line":170,"column":2},"end":{"line":180,"column":null}},"51":{"start":{"line":171,"column":19},"end":{"line":171,"column":null}},"52":{"start":{"line":172,"column":4},"end":{"line":172,"column":null}},"53":{"start":{"line":172,"column":17},"end":{"line":172,"column":null}},"54":{"start":{"line":174,"column":21},"end":{"line":174,"column":null}},"55":{"start":{"line":175,"column":18},"end":{"line":177,"column":null}},"56":{"start":{"line":176,"column":6},"end":{"line":176,"column":null}},"57":{"start":{"line":179,"column":4},"end":{"line":179,"column":null}},"58":{"start":{"line":179,"column":17},"end":{"line":179,"column":null}},"59":{"start":{"line":183,"column":2},"end":{"line":190,"column":null}},"60":{"start":{"line":184,"column":4},"end":{"line":189,"column":null}},"61":{"start":{"line":185,"column":6},"end":{"line":185,"column":null}},"62":{"start":{"line":186,"column":4},"end":{"line":189,"column":null}},"63":{"start":{"line":193,"column":2},"end":{"line":202,"column":null}},"64":{"start":{"line":194,"column":43},"end":{"line":194,"column":null}},"65":{"start":{"line":196,"column":4},"end":{"line":201,"column":null}},"66":{"start":{"line":197,"column":6},"end":{"line":199,"column":null}},"67":{"start":{"line":198,"column":8},"end":{"line":198,"column":null}},"68":{"start":{"line":200,"column":6},"end":{"line":200,"column":null}},"69":{"start":{"line":205,"column":8},"end":{"line":207,"column":null}},"70":{"start":{"line":206,"column":4},"end":{"line":206,"column":null}},"71":{"start":{"line":209,"column":8},"end":{"line":211,"column":null}},"72":{"start":{"line":210,"column":4},"end":{"line":210,"column":null}},"73":{"start":{"line":213,"column":8},"end":{"line":219,"column":null}},"74":{"start":{"line":214,"column":4},"end":{"line":218,"column":null}},"75":{"start":{"line":215,"column":6},"end":{"line":215,"column":null}},"76":{"start":{"line":216,"column":4},"end":{"line":218,"column":null}},"77":{"start":{"line":217,"column":6},"end":{"line":217,"column":null}},"78":{"start":{"line":221,"column":8},"end":{"line":223,"column":null}},"79":{"start":{"line":222,"column":4},"end":{"line":222,"column":null}},"80":{"start":{"line":226,"column":20},"end":{"line":229,"column":null}},"81":{"start":{"line":231,"column":22},"end":{"line":236,"column":null}},"82":{"start":{"line":238,"column":25},"end":{"line":241,"column":null}},"83":{"start":{"line":243,"column":21},"end":{"line":243,"column":null}},"84":{"start":{"line":245,"column":22},"end":{"line":245,"column":null}},"85":{"start":{"line":247,"column":2},"end":{"line":258,"column":null}}},"fnMap":{"0":{"name":"animationReducer","decl":{"start":{"line":25,"column":9},"end":{"line":25,"column":26}},"loc":{"start":{"line":25,"column":88},"end":{"line":70,"column":null}},"line":25},"1":{"name":"(anonymous_1)","decl":{"start":{"line":81,"column":14},"end":{"line":81,"column":15}},"loc":{"start":{"line":81,"column":26},"end":{"line":81,"column":null}},"line":81},"2":{"name":"(anonymous_2)","decl":{"start":{"line":85,"column":14},"end":{"line":85,"column":20}},"loc":{"start":{"line":85,"column":20},"end":{"line":85,"column":null}},"line":85},"3":{"name":"(anonymous_3)","decl":{"start":{"line":89,"column":14},"end":{"line":89,"column":15}},"loc":{"start":{"line":89,"column":28},"end":{"line":89,"column":null}},"line":89},"4":{"name":"(anonymous_4)","decl":{"start":{"line":93,"column":14},"end":{"line":93,"column":15}},"loc":{"start":{"line":93,"column":28},"end":{"line":93,"column":null}},"line":93},"5":{"name":"(anonymous_5)","decl":{"start":{"line":97,"column":14},"end":{"line":97,"column":20}},"loc":{"start":{"line":97,"column":20},"end":{"line":97,"column":null}},"line":97},"6":{"name":"(anonymous_6)","decl":{"start":{"line":101,"column":14},"end":{"line":101,"column":15}},"loc":{"start":{"line":101,"column":26},"end":{"line":101,"column":null}},"line":101},"7":{"name":"useAnimationMachine","decl":{"start":{"line":162,"column":16},"end":{"line":162,"column":36}},"loc":{"start":{"line":166,"column":63},"end":{"line":259,"column":null}},"line":166},"8":{"name":"(anonymous_8)","decl":{"start":{"line":170,"column":12},"end":{"line":170,"column":18}},"loc":{"start":{"line":170,"column":18},"end":{"line":180,"column":5}},"line":170},"9":{"name":"(anonymous_9)","decl":{"start":{"line":175,"column":29},"end":{"line":175,"column":35}},"loc":{"start":{"line":175,"column":35},"end":{"line":177,"column":7}},"line":175},"10":{"name":"(anonymous_10)","decl":{"start":{"line":179,"column":11},"end":{"line":179,"column":17}},"loc":{"start":{"line":179,"column":17},"end":{"line":179,"column":null}},"line":179},"11":{"name":"(anonymous_11)","decl":{"start":{"line":183,"column":12},"end":{"line":183,"column":18}},"loc":{"start":{"line":183,"column":18},"end":{"line":190,"column":5}},"line":183},"12":{"name":"(anonymous_12)","decl":{"start":{"line":193,"column":12},"end":{"line":193,"column":18}},"loc":{"start":{"line":193,"column":18},"end":{"line":202,"column":5}},"line":193},"13":{"name":"(anonymous_13)","decl":{"start":{"line":196,"column":11},"end":{"line":196,"column":17}},"loc":{"start":{"line":196,"column":17},"end":{"line":201,"column":null}},"line":196},"14":{"name":"(anonymous_14)","decl":{"start":{"line":205,"column":29},"end":{"line":205,"column":35}},"loc":{"start":{"line":205,"column":35},"end":{"line":207,"column":5}},"line":205},"15":{"name":"(anonymous_15)","decl":{"start":{"line":209,"column":31},"end":{"line":209,"column":37}},"loc":{"start":{"line":209,"column":37},"end":{"line":211,"column":5}},"line":209},"16":{"name":"(anonymous_16)","decl":{"start":{"line":213,"column":29},"end":{"line":213,"column":35}},"loc":{"start":{"line":213,"column":35},"end":{"line":219,"column":5}},"line":213},"17":{"name":"(anonymous_17)","decl":{"start":{"line":221,"column":28},"end":{"line":221,"column":34}},"loc":{"start":{"line":221,"column":34},"end":{"line":223,"column":5}},"line":221}},"branchMap":{"0":{"loc":{"start":{"line":26,"column":2},"end":{"line":66,"column":null}},"type":"switch","locations":[{"start":{"line":27,"column":4},"end":{"line":30,"column":null}},{"start":{"line":32,"column":4},"end":{"line":35,"column":null}},{"start":{"line":37,"column":4},"end":{"line":40,"column":null}},{"start":{"line":42,"column":4},"end":{"line":45,"column":null}},{"start":{"line":47,"column":4},"end":{"line":50,"column":null}},{"start":{"line":52,"column":4},"end":{"line":55,"column":null}},{"start":{"line":57,"column":4},"end":{"line":60,"column":null}},{"start":{"line":62,"column":4},"end":{"line":65,"column":null}}],"line":26},"1":{"loc":{"start":{"line":28,"column":6},"end":{"line":28,"column":null}},"type":"if","locations":[{"start":{"line":28,"column":6},"end":{"line":28,"column":null}},{"start":{},"end":{}}],"line":28},"2":{"loc":{"start":{"line":29,"column":6},"end":{"line":29,"column":null}},"type":"if","locations":[{"start":{"line":29,"column":6},"end":{"line":29,"column":null}},{"start":{},"end":{}}],"line":29},"3":{"loc":{"start":{"line":33,"column":6},"end":{"line":33,"column":null}},"type":"if","locations":[{"start":{"line":33,"column":6},"end":{"line":33,"column":null}},{"start":{},"end":{}}],"line":33},"4":{"loc":{"start":{"line":34,"column":6},"end":{"line":34,"column":null}},"type":"if","locations":[{"start":{"line":34,"column":6},"end":{"line":34,"column":null}},{"start":{},"end":{}}],"line":34},"5":{"loc":{"start":{"line":38,"column":6},"end":{"line":38,"column":null}},"type":"if","locations":[{"start":{"line":38,"column":6},"end":{"line":38,"column":null}},{"start":{},"end":{}}],"line":38},"6":{"loc":{"start":{"line":39,"column":6},"end":{"line":39,"column":null}},"type":"if","locations":[{"start":{"line":39,"column":6},"end":{"line":39,"column":null}},{"start":{},"end":{}}],"line":39},"7":{"loc":{"start":{"line":43,"column":6},"end":{"line":43,"column":null}},"type":"if","locations":[{"start":{"line":43,"column":6},"end":{"line":43,"column":null}},{"start":{},"end":{}}],"line":43},"8":{"loc":{"start":{"line":44,"column":6},"end":{"line":44,"column":null}},"type":"if","locations":[{"start":{"line":44,"column":6},"end":{"line":44,"column":null}},{"start":{},"end":{}}],"line":44},"9":{"loc":{"start":{"line":48,"column":6},"end":{"line":48,"column":null}},"type":"if","locations":[{"start":{"line":48,"column":6},"end":{"line":48,"column":null}},{"start":{},"end":{}}],"line":48},"10":{"loc":{"start":{"line":49,"column":6},"end":{"line":49,"column":null}},"type":"if","locations":[{"start":{"line":49,"column":6},"end":{"line":49,"column":null}},{"start":{},"end":{}}],"line":49},"11":{"loc":{"start":{"line":53,"column":6},"end":{"line":53,"column":null}},"type":"if","locations":[{"start":{"line":53,"column":6},"end":{"line":53,"column":null}},{"start":{},"end":{}}],"line":53},"12":{"loc":{"start":{"line":54,"column":6},"end":{"line":54,"column":null}},"type":"if","locations":[{"start":{"line":54,"column":6},"end":{"line":54,"column":null}},{"start":{},"end":{}}],"line":54},"13":{"loc":{"start":{"line":58,"column":6},"end":{"line":58,"column":null}},"type":"if","locations":[{"start":{"line":58,"column":6},"end":{"line":58,"column":null}},{"start":{},"end":{}}],"line":58},"14":{"loc":{"start":{"line":59,"column":6},"end":{"line":59,"column":null}},"type":"if","locations":[{"start":{"line":59,"column":6},"end":{"line":59,"column":null}},{"start":{},"end":{}}],"line":59},"15":{"loc":{"start":{"line":63,"column":6},"end":{"line":63,"column":null}},"type":"if","locations":[{"start":{"line":63,"column":6},"end":{"line":63,"column":null}},{"start":{},"end":{}}],"line":63},"16":{"loc":{"start":{"line":64,"column":6},"end":{"line":64,"column":null}},"type":"if","locations":[{"start":{"line":64,"column":6},"end":{"line":64,"column":null}},{"start":{},"end":{}}],"line":64},"17":{"loc":{"start":{"line":162,"column":36},"end":{"line":166,"column":63}},"type":"default-arg","locations":[{"start":{"line":166,"column":32},"end":{"line":166,"column":63}}],"line":162},"18":{"loc":{"start":{"line":163,"column":2},"end":{"line":163,"column":null}},"type":"default-arg","locations":[{"start":{"line":163,"column":19},"end":{"line":163,"column":null}}],"line":163},"19":{"loc":{"start":{"line":164,"column":2},"end":{"line":164,"column":null}},"type":"default-arg","locations":[{"start":{"line":164,"column":18},"end":{"line":164,"column":null}}],"line":164},"20":{"loc":{"start":{"line":172,"column":4},"end":{"line":172,"column":null}},"type":"if","locations":[{"start":{"line":172,"column":4},"end":{"line":172,"column":null}},{"start":{},"end":{}}],"line":172},"21":{"loc":{"start":{"line":184,"column":4},"end":{"line":189,"column":null}},"type":"if","locations":[{"start":{"line":184,"column":4},"end":{"line":189,"column":null}},{"start":{"line":186,"column":4},"end":{"line":189,"column":null}}],"line":184},"22":{"loc":{"start":{"line":186,"column":4},"end":{"line":189,"column":null}},"type":"if","locations":[{"start":{"line":186,"column":4},"end":{"line":189,"column":null}},{"start":{},"end":{}}],"line":186},"23":{"loc":{"start":{"line":197,"column":6},"end":{"line":199,"column":null}},"type":"if","locations":[{"start":{"line":197,"column":6},"end":{"line":199,"column":null}},{"start":{},"end":{}}],"line":197},"24":{"loc":{"start":{"line":197,"column":10},"end":{"line":197,"column":61}},"type":"binary-expr","locations":[{"start":{"line":197,"column":10},"end":{"line":197,"column":43}},{"start":{"line":197,"column":43},"end":{"line":197,"column":61}}],"line":197},"25":{"loc":{"start":{"line":214,"column":4},"end":{"line":218,"column":null}},"type":"if","locations":[{"start":{"line":214,"column":4},"end":{"line":218,"column":null}},{"start":{"line":216,"column":4},"end":{"line":218,"column":null}}],"line":214},"26":{"loc":{"start":{"line":216,"column":4},"end":{"line":218,"column":null}},"type":"if","locations":[{"start":{"line":216,"column":4},"end":{"line":218,"column":null}},{"start":{},"end":{}}],"line":216},"27":{"loc":{"start":{"line":245,"column":22},"end":{"line":245,"column":null}},"type":"binary-expr","locations":[{"start":{"line":245,"column":22},"end":{"line":245,"column":42}},{"start":{"line":245,"column":42},"end":{"line":245,"column":null}}],"line":245}},"s":{"0":42,"1":13,"2":11,"3":2,"4":1,"5":1,"6":9,"7":6,"8":3,"9":2,"10":1,"11":5,"12":4,"13":1,"14":1,"15":0,"16":5,"17":3,"18":2,"19":1,"20":1,"21":4,"22":2,"23":2,"24":1,"25":1,"26":2,"27":1,"28":1,"29":1,"30":0,"31":2,"32":1,"33":1,"34":1,"35":0,"36":2,"37":1,"38":1,"39":1,"40":0,"41":4,"42":1,"43":10,"44":5,"45":3,"46":1,"47":0,"48":0,"49":33,"50":33,"51":33,"52":33,"53":14,"54":19,"55":19,"56":10,"57":19,"58":19,"59":33,"60":33,"61":2,"62":31,"63":33,"64":33,"65":33,"66":33,"67":0,"68":33,"69":33,"70":9,"71":33,"72":0,"73":33,"74":3,"75":1,"76":2,"77":1,"78":33,"79":1,"80":33,"81":33,"82":33,"83":33,"84":33,"85":33},"f":{"0":42,"1":10,"2":5,"3":3,"4":1,"5":0,"6":0,"7":33,"8":33,"9":10,"10":19,"11":33,"12":33,"13":33,"14":9,"15":0,"16":3,"17":1},"b":{"0":[13,9,5,5,4,2,2,2],"1":[11,2],"2":[1,1],"3":[6,3],"4":[2,1],"5":[4,1],"6":[1,0],"7":[3,2],"8":[1,1],"9":[2,2],"10":[1,1],"11":[1,1],"12":[1,0],"13":[1,1],"14":[1,0],"15":[1,1],"16":[1,0],"17":[33],"18":[33],"19":[33],"20":[14,19],"21":[2,31],"22":[12,19],"23":[0,33],"24":[33,0],"25":[1,2],"26":[1,1],"27":[33,21]},"meta":{"lastBranch":28,"lastFunction":18,"lastStatement":86,"seen":{"f:25:9:25:26":0,"b:27:4:30:Infinity:32:4:35:Infinity:37:4:40:Infinity:42:4:45:Infinity:47:4:50:Infinity:52:4:55:Infinity:57:4:60:Infinity:62:4:65:Infinity":0,"s:26:2:66:Infinity":0,"b:28:6:28:Infinity:undefined:undefined:undefined:undefined":1,"s:28:6:28:Infinity":1,"s:28:35:28:Infinity":2,"b:29:6:29:Infinity:undefined:undefined:undefined:undefined":2,"s:29:6:29:Infinity":3,"s:29:34:29:Infinity":4,"s:30:6:30:Infinity":5,"b:33:6:33:Infinity:undefined:undefined:undefined:undefined":3,"s:33:6:33:Infinity":6,"s:33:44:33:Infinity":7,"b:34:6:34:Infinity:undefined:undefined:undefined:undefined":4,"s:34:6:34:Infinity":8,"s:34:34:34:Infinity":9,"s:35:6:35:Infinity":10,"b:38:6:38:Infinity:undefined:undefined:undefined:undefined":5,"s:38:6:38:Infinity":11,"s:38:48:38:Infinity":12,"b:39:6:39:Infinity:undefined:undefined:undefined:undefined":6,"s:39:6:39:Infinity":13,"s:39:34:39:Infinity":14,"s:40:6:40:Infinity":15,"b:43:6:43:Infinity:undefined:undefined:undefined:undefined":7,"s:43:6:43:Infinity":16,"s:43:47:43:Infinity":17,"b:44:6:44:Infinity:undefined:undefined:undefined:undefined":8,"s:44:6:44:Infinity":18,"s:44:34:44:Infinity":19,"s:45:6:45:Infinity":20,"b:48:6:48:Infinity:undefined:undefined:undefined:undefined":9,"s:48:6:48:Infinity":21,"s:48:37:48:Infinity":22,"b:49:6:49:Infinity:undefined:undefined:undefined:undefined":10,"s:49:6:49:Infinity":23,"s:49:34:49:Infinity":24,"s:50:6:50:Infinity":25,"b:53:6:53:Infinity:undefined:undefined:undefined:undefined":11,"s:53:6:53:Infinity":26,"s:53:46:53:Infinity":27,"b:54:6:54:Infinity:undefined:undefined:undefined:undefined":12,"s:54:6:54:Infinity":28,"s:54:34:54:Infinity":29,"s:55:6:55:Infinity":30,"b:58:6:58:Infinity:undefined:undefined:undefined:undefined":13,"s:58:6:58:Infinity":31,"s:58:49:58:Infinity":32,"b:59:6:59:Infinity:undefined:undefined:undefined:undefined":14,"s:59:6:59:Infinity":33,"s:59:34:59:Infinity":34,"s:60:6:60:Infinity":35,"b:63:6:63:Infinity:undefined:undefined:undefined:undefined":15,"s:63:6:63:Infinity":36,"s:63:49:63:Infinity":37,"b:64:6:64:Infinity:undefined:undefined:undefined:undefined":16,"s:64:6:64:Infinity":38,"s:64:34:64:Infinity":39,"s:65:6:65:Infinity":40,"s:69:2:69:Infinity":41,"s:79:67:104:Infinity":42,"f:81:14:81:15":1,"s:81:26:81:Infinity":43,"f:85:14:85:20":2,"s:85:20:85:Infinity":44,"f:89:14:89:15":3,"s:89:28:89:Infinity":45,"f:93:14:93:15":4,"s:93:28:93:Infinity":46,"f:97:14:97:20":5,"s:97:20:97:Infinity":47,"f:101:14:101:15":6,"s:101:26:101:Infinity":48,"f:162:16:162:36":7,"b:166:32:166:63":17,"b:163:19:163:Infinity":18,"b:164:18:164:Infinity":19,"s:167:24:167:Infinity":49,"s:170:2:180:Infinity":50,"f:170:12:170:18":8,"s:171:19:171:Infinity":51,"b:172:4:172:Infinity:undefined:undefined:undefined:undefined":20,"s:172:4:172:Infinity":52,"s:172:17:172:Infinity":53,"s:174:21:174:Infinity":54,"s:175:18:177:Infinity":55,"f:175:29:175:35":9,"s:176:6:176:Infinity":56,"s:179:4:179:Infinity":57,"f:179:11:179:17":10,"s:179:17:179:Infinity":58,"s:183:2:190:Infinity":59,"f:183:12:183:18":11,"b:184:4:189:Infinity:186:4:189:Infinity":21,"s:184:4:189:Infinity":60,"s:185:6:185:Infinity":61,"b:186:4:189:Infinity:undefined:undefined:undefined:undefined":22,"s:186:4:189:Infinity":62,"s:193:2:202:Infinity":63,"f:193:12:193:18":12,"s:194:43:194:Infinity":64,"s:196:4:201:Infinity":65,"f:196:11:196:17":13,"b:197:6:199:Infinity:undefined:undefined:undefined:undefined":23,"s:197:6:199:Infinity":66,"b:197:10:197:43:197:43:197:61":24,"s:198:8:198:Infinity":67,"s:200:6:200:Infinity":68,"s:205:8:207:Infinity":69,"f:205:29:205:35":14,"s:206:4:206:Infinity":70,"s:209:8:211:Infinity":71,"f:209:31:209:37":15,"s:210:4:210:Infinity":72,"s:213:8:219:Infinity":73,"f:213:29:213:35":16,"b:214:4:218:Infinity:216:4:218:Infinity":25,"s:214:4:218:Infinity":74,"s:215:6:215:Infinity":75,"b:216:4:218:Infinity:undefined:undefined:undefined:undefined":26,"s:216:4:218:Infinity":76,"s:217:6:217:Infinity":77,"s:221:8:223:Infinity":78,"f:221:28:221:34":17,"s:222:4:222:Infinity":79,"s:226:20:229:Infinity":80,"s:231:22:236:Infinity":81,"s:238:25:241:Infinity":82,"s:243:21:243:Infinity":83,"s:245:22:245:Infinity":84,"b:245:22:245:42:245:42:245:Infinity":27,"s:247:2:258:Infinity":85}}}
,"/home/zym/AI-Island/src/components/RobotPrinter/hooks/useIdleDetection.ts": {"path":"/home/zym/AI-Island/src/components/RobotPrinter/hooks/useIdleDetection.ts","statementMap":{"0":{"start":{"line":34,"column":34},"end":{"line":34,"column":null}},"1":{"start":{"line":35,"column":8},"end":{"line":35,"column":null}},"2":{"start":{"line":38,"column":8},"end":{"line":43,"column":null}},"3":{"start":{"line":39,"column":4},"end":{"line":42,"column":null}},"4":{"start":{"line":40,"column":6},"end":{"line":40,"column":null}},"5":{"start":{"line":41,"column":6},"end":{"line":41,"column":null}},"6":{"start":{"line":46,"column":8},"end":{"line":59,"column":null}},"7":{"start":{"line":47,"column":4},"end":{"line":47,"column":null}},"8":{"start":{"line":47,"column":18},"end":{"line":47,"column":null}},"9":{"start":{"line":50,"column":4},"end":{"line":50,"column":null}},"10":{"start":{"line":53,"column":4},"end":{"line":53,"column":null}},"11":{"start":{"line":56,"column":4},"end":{"line":58,"column":null}},"12":{"start":{"line":57,"column":6},"end":{"line":57,"column":null}},"13":{"start":{"line":62,"column":8},"end":{"line":65,"column":null}},"14":{"start":{"line":63,"column":4},"end":{"line":63,"column":null}},"15":{"start":{"line":64,"column":4},"end":{"line":64,"column":null}},"16":{"start":{"line":68,"column":8},"end":{"line":73,"column":null}},"17":{"start":{"line":69,"column":4},"end":{"line":69,"column":null}},"18":{"start":{"line":70,"column":4},"end":{"line":72,"column":null}},"19":{"start":{"line":71,"column":6},"end":{"line":71,"column":null}},"20":{"start":{"line":76,"column":2},"end":{"line":80,"column":null}},"21":{"start":{"line":77,"column":4},"end":{"line":79,"column":null}},"22":{"start":{"line":78,"column":6},"end":{"line":78,"column":null}},"23":{"start":{"line":82,"column":2},"end":{"line":87,"column":null}}},"fnMap":{"0":{"name":"useIdleDetection","decl":{"start":{"line":29,"column":16},"end":{"line":29,"column":33}},"loc":{"start":{"line":33,"column":57},"end":{"line":88,"column":null}},"line":33},"1":{"name":"(anonymous_1)","decl":{"start":{"line":38,"column":33},"end":{"line":38,"column":39}},"loc":{"start":{"line":38,"column":39},"end":{"line":43,"column":5}},"line":38},"2":{"name":"(anonymous_2)","decl":{"start":{"line":46,"column":33},"end":{"line":46,"column":39}},"loc":{"start":{"line":46,"column":39},"end":{"line":59,"column":5}},"line":46},"3":{"name":"(anonymous_3)","decl":{"start":{"line":56,"column":34},"end":{"line":56,"column":40}},"loc":{"start":{"line":56,"column":40},"end":{"line":58,"column":7}},"line":56},"4":{"name":"(anonymous_4)","decl":{"start":{"line":62,"column":33},"end":{"line":62,"column":39}},"loc":{"start":{"line":62,"column":39},"end":{"line":65,"column":5}},"line":62},"5":{"name":"(anonymous_5)","decl":{"start":{"line":68,"column":32},"end":{"line":68,"column":38}},"loc":{"start":{"line":68,"column":38},"end":{"line":73,"column":5}},"line":68},"6":{"name":"(anonymous_6)","decl":{"start":{"line":76,"column":12},"end":{"line":76,"column":18}},"loc":{"start":{"line":76,"column":18},"end":{"line":80,"column":5}},"line":76},"7":{"name":"(anonymous_7)","decl":{"start":{"line":77,"column":11},"end":{"line":77,"column":17}},"loc":{"start":{"line":77,"column":17},"end":{"line":79,"column":null}},"line":77}},"branchMap":{"0":{"loc":{"start":{"line":29,"column":33},"end":{"line":33,"column":57}},"type":"default-arg","locations":[{"start":{"line":33,"column":29},"end":{"line":33,"column":57}}],"line":29},"1":{"loc":{"start":{"line":30,"column":2},"end":{"line":30,"column":null}},"type":"default-arg","locations":[{"start":{"line":30,"column":12},"end":{"line":30,"column":null}}],"line":30},"2":{"loc":{"start":{"line":31,"column":2},"end":{"line":31,"column":null}},"type":"default-arg","locations":[{"start":{"line":31,"column":20},"end":{"line":31,"column":null}}],"line":31},"3":{"loc":{"start":{"line":32,"column":2},"end":{"line":32,"column":null}},"type":"default-arg","locations":[{"start":{"line":32,"column":13},"end":{"line":32,"column":null}}],"line":32},"4":{"loc":{"start":{"line":39,"column":4},"end":{"line":42,"column":null}},"type":"if","locations":[{"start":{"line":39,"column":4},"end":{"line":42,"column":null}},{"start":{},"end":{}}],"line":39},"5":{"loc":{"start":{"line":47,"column":4},"end":{"line":47,"column":null}},"type":"if","locations":[{"start":{"line":47,"column":4},"end":{"line":47,"column":null}},{"start":{},"end":{}}],"line":47},"6":{"loc":{"start":{"line":70,"column":4},"end":{"line":72,"column":null}},"type":"if","locations":[{"start":{"line":70,"column":4},"end":{"line":72,"column":null}},{"start":{},"end":{}}],"line":70}},"s":{"0":11,"1":11,"2":11,"3":12,"4":4,"5":4,"6":11,"7":5,"8":1,"9":4,"10":4,"11":4,"12":2,"13":11,"14":1,"15":1,"16":11,"17":1,"18":1,"19":1,"20":11,"21":7,"22":7,"23":11},"f":{"0":11,"1":12,"2":5,"3":2,"4":1,"5":1,"6":7,"7":7},"b":{"0":[11],"1":[11],"2":[11],"3":[11],"4":[4,8],"5":[1,4],"6":[1,0]},"meta":{"lastBranch":7,"lastFunction":8,"lastStatement":24,"seen":{"f:29:16:29:33":0,"b:33:29:33:57":0,"b:30:12:30:Infinity":1,"b:31:20:31:Infinity":2,"b:32:13:32:Infinity":3,"s:34:34:34:Infinity":0,"s:35:8:35:Infinity":1,"s:38:8:43:Infinity":2,"f:38:33:38:39":1,"b:39:4:42:Infinity:undefined:undefined:undefined:undefined":4,"s:39:4:42:Infinity":3,"s:40:6:40:Infinity":4,"s:41:6:41:Infinity":5,"s:46:8:59:Infinity":6,"f:46:33:46:39":2,"b:47:4:47:Infinity:undefined:undefined:undefined:undefined":5,"s:47:4:47:Infinity":7,"s:47:18:47:Infinity":8,"s:50:4:50:Infinity":9,"s:53:4:53:Infinity":10,"s:56:4:58:Infinity":11,"f:56:34:56:40":3,"s:57:6:57:Infinity":12,"s:62:8:65:Infinity":13,"f:62:33:62:39":4,"s:63:4:63:Infinity":14,"s:64:4:64:Infinity":15,"s:68:8:73:Infinity":16,"f:68:32:68:38":5,"s:69:4:69:Infinity":17,"b:70:4:72:Infinity:undefined:undefined:undefined:undefined":6,"s:70:4:72:Infinity":18,"s:71:6:71:Infinity":19,"s:76:2:80:Infinity":20,"f:76:12:76:18":6,"s:77:4:79:Infinity":21,"f:77:11:77:17":7,"s:78:6:78:Infinity":22,"s:82:2:87:Infinity":23}}}
,"/home/zym/AI-Island/src/components/RobotPrinter/hooks/useTilt.ts": {"path":"/home/zym/AI-Island/src/components/RobotPrinter/hooks/useTilt.ts","statementMap":{"0":{"start":{"line":46,"column":2},"end":{"line":63,"column":null}},"1":{"start":{"line":47,"column":25},"end":{"line":47,"column":null}},"2":{"start":{"line":48,"column":29},"end":{"line":48,"column":null}},"3":{"start":{"line":49,"column":74},"end":{"line":50,"column":null}},"4":{"start":{"line":52,"column":4},"end":{"line":62,"column":null}}},"fnMap":{"0":{"name":"useTilt","decl":{"start":{"line":41,"column":16},"end":{"line":41,"column":24}},"loc":{"start":{"line":45,"column":34},"end":{"line":64,"column":null}},"line":45},"1":{"name":"(anonymous_1)","decl":{"start":{"line":46,"column":17},"end":{"line":46,"column":23}},"loc":{"start":{"line":46,"column":23},"end":{"line":63,"column":5}},"line":46}},"branchMap":{"0":{"loc":{"start":{"line":43,"column":2},"end":{"line":43,"column":null}},"type":"default-arg","locations":[{"start":{"line":43,"column":17},"end":{"line":43,"column":null}}],"line":43},"1":{"loc":{"start":{"line":44,"column":2},"end":{"line":44,"column":null}},"type":"default-arg","locations":[{"start":{"line":44,"column":19},"end":{"line":44,"column":null}}],"line":44}},"s":{"0":8,"1":8,"2":8,"3":8,"4":8},"f":{"0":8,"1":8},"b":{"0":[8],"1":[8]},"meta":{"lastBranch":2,"lastFunction":2,"lastStatement":5,"seen":{"f:41:16:41:24":0,"b:43:17:43:Infinity":0,"b:44:19:44:Infinity":1,"s:46:2:63:Infinity":0,"f:46:17:46:23":1,"s:47:25:47:Infinity":1,"s:48:29:48:Infinity":2,"s:49:74:50:Infinity":3,"s:52:4:62:Infinity":4}}}
,"/home/zym/AI-Island/src/components/RobotPrinter/styles/index.css": {"path":"/home/zym/AI-Island/src/components/RobotPrinter/styles/index.css","statementMap":{},"fnMap":{},"branchMap":{},"s":{},"f":{},"b":{},"meta":{"lastBranch":0,"lastFunction":0,"lastStatement":0,"seen":{}}}
,"/home/zym/AI-Island/src/components/RobotPrinter/utils/devWarnings.ts": {"path":"/home/zym/AI-Island/src/components/RobotPrinter/utils/devWarnings.ts","statementMap":{"0":{"start":{"line":6,"column":15},"end":{"line":6,"column":null}},"1":{"start":{"line":14,"column":2},"end":{"line":17,"column":null}},"2":{"start":{"line":15,"column":4},"end":{"line":15,"column":null}},"3":{"start":{"line":16,"column":4},"end":{"line":16,"column":null}},"4":{"start":{"line":26,"column":2},"end":{"line":28,"column":null}},"5":{"start":{"line":27,"column":4},"end":{"line":27,"column":null}},"6":{"start":{"line":37,"column":18},"end":{"line":39,"column":null}},"7":{"start":{"line":40,"column":2},"end":{"line":40,"column":null}},"8":{"start":{"line":54,"column":2},"end":{"line":61,"column":null}},"9":{"start":{"line":55,"column":4},"end":{"line":60,"column":null}},"10":{"start":{"line":68,"column":2},"end":{"line":68,"column":null}}},"fnMap":{"0":{"name":"warnOnce","decl":{"start":{"line":13,"column":16},"end":{"line":13,"column":25}},"loc":{"start":{"line":13,"column":61},"end":{"line":18,"column":null}},"line":13},"1":{"name":"devAssert","decl":{"start":{"line":25,"column":16},"end":{"line":25,"column":26}},"loc":{"start":{"line":25,"column":69},"end":{"line":29,"column":null}},"line":25},"2":{"name":"warnDeprecated","decl":{"start":{"line":36,"column":16},"end":{"line":36,"column":31}},"loc":{"start":{"line":36,"column":76},"end":{"line":41,"column":null}},"line":36},"3":{"name":"warnControlledUncontrolled","decl":{"start":{"line":49,"column":16},"end":{"line":49,"column":null}},"loc":{"start":{"line":53,"column":8},"end":{"line":62,"column":null}},"line":53},"4":{"name":"clearWarnings","decl":{"start":{"line":67,"column":16},"end":{"line":67,"column":38}},"loc":{"start":{"line":67,"column":38},"end":{"line":69,"column":null}},"line":67}},"branchMap":{"0":{"loc":{"start":{"line":14,"column":2},"end":{"line":17,"column":null}},"type":"if","locations":[{"start":{"line":14,"column":2},"end":{"line":17,"column":null}},{"start":{},"end":{}}],"line":14},"1":{"loc":{"start":{"line":14,"column":6},"end":{"line":14,"column":65}},"type":"binary-expr","locations":[{"start":{"line":14,"column":6},"end":{"line":14,"column":47}},{"start":{"line":14,"column":47},"end":{"line":14,"column":65}}],"line":14},"2":{"loc":{"start":{"line":26,"column":2},"end":{"line":28,"column":null}},"type":"if","locations":[{"start":{"line":26,"column":2},"end":{"line":28,"column":null}},{"start":{},"end":{}}],"line":26},"3":{"loc":{"start":{"line":26,"column":6},"end":{"line":26,"column":59}},"type":"binary-expr","locations":[{"start":{"line":26,"column":6},"end":{"line":26,"column":47}},{"start":{"line":26,"column":47},"end":{"line":26,"column":59}}],"line":26},"4":{"loc":{"start":{"line":37,"column":18},"end":{"line":39,"column":null}},"type":"cond-expr","locations":[{"start":{"line":38,"column":6},"end":{"line":38,"column":null}},{"start":{"line":39,"column":6},"end":{"line":39,"column":null}}],"line":37},"5":{"loc":{"start":{"line":54,"column":2},"end":{"line":61,"column":null}},"type":"if","locations":[{"start":{"line":54,"column":2},"end":{"line":61,"column":null}},{"start":{},"end":{}}],"line":54},"6":{"loc":{"start":{"line":54,"column":6},"end":{"line":54,"column":32}},"type":"binary-expr","locations":[{"start":{"line":54,"column":6},"end":{"line":54,"column":18}},{"start":{"line":54,"column":18},"end":{"line":54,"column":32}}],"line":54}},"s":{"0":2,"1":12,"2":10,"3":10,"4":2,"5":1,"6":4,"7":4,"8":3,"9":1,"10":13},"f":{"0":12,"1":2,"2":4,"3":3,"4":13},"b":{"0":[10,2],"1":[12,12],"2":[1,1],"3":[2,2],"4":[1,3],"5":[1,2],"6":[3,2]},"meta":{"lastBranch":7,"lastFunction":5,"lastStatement":11,"seen":{"s:6:15:6:Infinity":0,"f:13:16:13:25":0,"b:14:2:17:Infinity:undefined:undefined:undefined:undefined":0,"s:14:2:17:Infinity":1,"b:14:6:14:47:14:47:14:65":1,"s:15:4:15:Infinity":2,"s:16:4:16:Infinity":3,"f:25:16:25:26":1,"b:26:2:28:Infinity:undefined:undefined:undefined:undefined":2,"s:26:2:28:Infinity":4,"b:26:6:26:47:26:47:26:59":3,"s:27:4:27:Infinity":5,"f:36:16:36:31":2,"s:37:18:39:Infinity":6,"b:38:6:38:Infinity:39:6:39:Infinity":4,"s:40:2:40:Infinity":7,"f:49:16:49:Infinity":3,"b:54:2:61:Infinity:undefined:undefined:undefined:undefined":5,"s:54:2:61:Infinity":8,"b:54:6:54:18:54:18:54:32":6,"s:55:4:60:Infinity":9,"f:67:16:67:38":4,"s:68:2:68:Infinity":10}}}
,"/home/zym/AI-Island/src/components/RobotPrinter/utils/geometry.ts": {"path":"/home/zym/AI-Island/src/components/RobotPrinter/utils/geometry.ts","statementMap":{"0":{"start":{"line":14,"column":18},"end":{"line":14,"column":null}},"1":{"start":{"line":15,"column":18},"end":{"line":15,"column":null}},"2":{"start":{"line":18,"column":18},"end":{"line":18,"column":null}},"3":{"start":{"line":19,"column":18},"end":{"line":19,"column":null}},"4":{"start":{"line":22,"column":18},"end":{"line":22,"column":null}},"5":{"start":{"line":25,"column":15},"end":{"line":25,"column":null}},"6":{"start":{"line":26,"column":17},"end":{"line":26,"column":null}},"7":{"start":{"line":33,"column":17},"end":{"line":33,"column":null}},"8":{"start":{"line":34,"column":16},"end":{"line":34,"column":null}},"9":{"start":{"line":36,"column":2},"end":{"line":36,"column":null}},"10":{"start":{"line":52,"column":24},"end":{"line":52,"column":null}},"11":{"start":{"line":53,"column":24},"end":{"line":53,"column":null}},"12":{"start":{"line":56,"column":18},"end":{"line":56,"column":null}},"13":{"start":{"line":57,"column":18},"end":{"line":57,"column":null}},"14":{"start":{"line":59,"column":2},"end":{"line":59,"column":null}},"15":{"start":{"line":78,"column":18},"end":{"line":78,"column":null}},"16":{"start":{"line":79,"column":18},"end":{"line":79,"column":null}},"17":{"start":{"line":80,"column":15},"end":{"line":80,"column":null}},"18":{"start":{"line":81,"column":15},"end":{"line":81,"column":null}},"19":{"start":{"line":84,"column":19},"end":{"line":84,"column":null}},"20":{"start":{"line":85,"column":21},"end":{"line":85,"column":null}},"21":{"start":{"line":88,"column":15},"end":{"line":88,"column":null}},"22":{"start":{"line":89,"column":16},"end":{"line":89,"column":null}},"23":{"start":{"line":90,"column":16},"end":{"line":90,"column":null}},"24":{"start":{"line":93,"column":21},"end":{"line":93,"column":null}},"25":{"start":{"line":94,"column":21},"end":{"line":94,"column":null}},"26":{"start":{"line":95,"column":23},"end":{"line":95,"column":null}},"27":{"start":{"line":96,"column":23},"end":{"line":96,"column":null}},"28":{"start":{"line":98,"column":2},"end":{"line":98,"column":null}},"29":{"start":{"line":107,"column":2},"end":{"line":107,"column":null}},"30":{"start":{"line":116,"column":2},"end":{"line":116,"column":null}}},"fnMap":{"0":{"name":"calculateTilt","decl":{"start":{"line":10,"column":16},"end":{"line":10,"column":null}},"loc":{"start":{"line":13,"column":36},"end":{"line":37,"column":null}},"line":13},"1":{"name":"calculateShadow","decl":{"start":{"line":46,"column":16},"end":{"line":46,"column":null}},"loc":{"start":{"line":50,"column":40},"end":{"line":60,"column":null}},"line":50},"2":{"name":"calculateInnerLighting","decl":{"start":{"line":68,"column":16},"end":{"line":68,"column":null}},"loc":{"start":{"line":77,"column":2},"end":{"line":99,"column":null}},"line":77},"3":{"name":"getPaperDirection","decl":{"start":{"line":106,"column":16},"end":{"line":106,"column":34}},"loc":{"start":{"line":106,"column":71},"end":{"line":108,"column":null}},"line":106},"4":{"name":"getRotateDirection","decl":{"start":{"line":115,"column":16},"end":{"line":115,"column":35}},"loc":{"start":{"line":115,"column":72},"end":{"line":117,"column":null}},"line":115}},"branchMap":{"0":{"loc":{"start":{"line":56,"column":44},"end":{"line":56,"column":62}},"type":"binary-expr","locations":[{"start":{"line":56,"column":44},"end":{"line":56,"column":61}},{"start":{"line":56,"column":61},"end":{"line":56,"column":62}}],"line":56},"1":{"loc":{"start":{"line":57,"column":44},"end":{"line":57,"column":62}},"type":"binary-expr","locations":[{"start":{"line":57,"column":44},"end":{"line":57,"column":61}},{"start":{"line":57,"column":61},"end":{"line":57,"column":62}}],"line":57},"2":{"loc":{"start":{"line":88,"column":15},"end":{"line":88,"column":null}},"type":"binary-expr","locations":[{"start":{"line":88,"column":15},"end":{"line":88,"column":55}},{"start":{"line":88,"column":55},"end":{"line":88,"column":null}}],"line":88},"3":{"loc":{"start":{"line":107,"column":9},"end":{"line":107,"column":null}},"type":"cond-expr","locations":[{"start":{"line":107,"column":45},"end":{"line":107,"column":54}},{"start":{"line":107,"column":54},"end":{"line":107,"column":null}}],"line":107},"4":{"loc":{"start":{"line":116,"column":9},"end":{"line":116,"column":null}},"type":"cond-expr","locations":[{"start":{"line":116,"column":32},"end":{"line":116,"column":37}},{"start":{"line":116,"column":37},"end":{"line":116,"column":null}}],"line":116}},"s":{"0":13,"1":13,"2":13,"3":13,"4":13,"5":13,"6":13,"7":13,"8":13,"9":13,"10":12,"11":12,"12":12,"13":12,"14":12,"15":12,"16":12,"17":12,"18":12,"19":12,"20":12,"21":12,"22":12,"23":12,"24":12,"25":12,"26":12,"27":12,"28":12,"29":2,"30":2},"f":{"0":13,"1":12,"2":12,"3":2,"4":2},"b":{"0":[12,1],"1":[12,1],"2":[12,1],"3":[1,1],"4":[1,1]},"meta":{"lastBranch":5,"lastFunction":5,"lastStatement":31,"seen":{"f:10:16:10:Infinity":0,"s:14:18:14:Infinity":0,"s:15:18:15:Infinity":1,"s:18:18:18:Infinity":2,"s:19:18:19:Infinity":3,"s:22:18:22:Infinity":4,"s:25:15:25:Infinity":5,"s:26:17:26:Infinity":6,"s:33:17:33:Infinity":7,"s:34:16:34:Infinity":8,"s:36:2:36:Infinity":9,"f:46:16:46:Infinity":1,"s:52:24:52:Infinity":10,"s:53:24:53:Infinity":11,"s:56:18:56:Infinity":12,"b:56:44:56:61:56:61:56:62":0,"s:57:18:57:Infinity":13,"b:57:44:57:61:57:61:57:62":1,"s:59:2:59:Infinity":14,"f:68:16:68:Infinity":2,"s:78:18:78:Infinity":15,"s:79:18:79:Infinity":16,"s:80:15:80:Infinity":17,"s:81:15:81:Infinity":18,"s:84:19:84:Infinity":19,"s:85:21:85:Infinity":20,"s:88:15:88:Infinity":21,"b:88:15:88:55:88:55:88:Infinity":2,"s:89:16:89:Infinity":22,"s:90:16:90:Infinity":23,"s:93:21:93:Infinity":24,"s:94:21:94:Infinity":25,"s:95:23:95:Infinity":26,"s:96:23:96:Infinity":27,"s:98:2:98:Infinity":28,"f:106:16:106:34":3,"s:107:2:107:Infinity":29,"b:107:45:107:54:107:54:107:Infinity":3,"f:115:16:115:35":4,"s:116:2:116:Infinity":30,"b:116:32:116:37:116:37:116:Infinity":4}}}
}
